This is pdfTeX, Version 3.14159265-2.6-1.40.19 (TeX Live 2018) (preloaded format=pdflatex 2018.4.16)  27 JUN 2019 12:24
entering extended mode
 restricted \write18 enabled.
 %&-line parsing enabled.
**Rebuttal_Letter.tex
(./Rebuttal_Letter.tex
LaTeX2e <2018-04-01> patch level 2
Babel <3.18> and hyphenation patterns for 84 language(s) loaded.
(/usr/local/texlive/2018/texmf-dist/tex/latex/base/article.cls
Document Class: article 2014/09/29 v1.4h Standard LaTeX document class
(/usr/local/texlive/2018/texmf-dist/tex/latex/base/size12.clo
File: size12.clo 2014/09/29 v1.4h Standard LaTeX file (size option)
)
\c@part=\count80
\c@section=\count81
\c@subsection=\count82
\c@subsubsection=\count83
\c@paragraph=\count84
\c@subparagraph=\count85
\c@figure=\count86
\c@table=\count87
\abovecaptionskip=\skip41
\belowcaptionskip=\skip42
\bibindent=\dimen102
)
(/usr/local/texlive/2018/texmf-dist/tex/latex/base/inputenc.sty
Package: inputenc 2018/04/06 v1.3b Input encoding file
\inpenc@prehook=\toks14
\inpenc@posthook=\toks15
)
(./trackchanges.sty
Package: trackchanges 2009/04/22 v0.7.0 TrackChanges file 

(/usr/local/texlive/2018/texmf-dist/tex/latex/graphics/color.sty
Package: color 2016/07/10 v1.1e Standard LaTeX Color (DPC)

(/usr/local/texlive/2018/texmf-dist/tex/latex/graphics-cfg/color.cfg
File: color.cfg 2016/01/02 v1.6 sample color configuration
)
Package color Info: Driver file: pdftex.def on input line 147.

(/usr/local/texlive/2018/texmf-dist/tex/latex/graphics-def/pdftex.def
File: pdftex.def 2018/01/08 v1.0l Graphics/color driver for pdftex
))
(/usr/local/texlive/2018/texmf-dist/tex/latex/base/ifthen.sty
Package: ifthen 2014/09/29 v1.1c Standard LaTeX ifthen package (DPC)
)
(/usr/local/texlive/2018/texmf-dist/tex/latex/tools/calc.sty
Package: calc 2017/05/25 v4.3 Infix arithmetic (KKT,FJ)
\calc@Acount=\count88
\calc@Bcount=\count89
\calc@Adimen=\dimen103
\calc@Bdimen=\dimen104
\calc@Askip=\skip43
\calc@Bskip=\skip44
LaTeX Info: Redefining \setlength on input line 80.
LaTeX Info: Redefining \addtolength on input line 81.
\calc@Ccount=\count90
\calc@Cskip=\skip45
)
(/usr/local/texlive/2018/texmf-dist/tex/latex/soul/soul.sty
Package: soul 2003/11/17 v2.4 letterspacing/underlining (mf)
\SOUL@word=\toks16
\SOUL@lasttoken=\toks17
\SOUL@cmds=\toks18
\SOUL@buffer=\toks19
\SOUL@token=\toks20
\SOUL@spaceskip=\skip46
\SOUL@ttwidth=\dimen105
\SOUL@uldp=\dimen106
\SOUL@ulht=\dimen107
)
(/usr/local/texlive/2018/texmf-dist/tex/latex/morefloats/morefloats.sty
Package: morefloats 2015/07/22 v1.0h Raise limit of unprocessed floats (HMM)

(/usr/local/texlive/2018/texmf-dist/tex/latex/oberdiek/kvoptions.sty
Package: kvoptions 2016/05/16 v3.12 Key value format for package options (HO)

(/usr/local/texlive/2018/texmf-dist/tex/latex/graphics/keyval.sty
Package: keyval 2014/10/28 v1.15 key=value parser (DPC)
\KV@toks@=\toks21
)
(/usr/local/texlive/2018/texmf-dist/tex/generic/oberdiek/ltxcmds.sty
Package: ltxcmds 2016/05/16 v1.23 LaTeX kernel commands for general use (HO)
)
(/usr/local/texlive/2018/texmf-dist/tex/generic/oberdiek/kvsetkeys.sty
Package: kvsetkeys 2016/05/16 v1.17 Key value parser (HO)

(/usr/local/texlive/2018/texmf-dist/tex/generic/oberdiek/infwarerr.sty
Package: infwarerr 2016/05/16 v1.4 Providing info/warning/error messages (HO)
)
(/usr/local/texlive/2018/texmf-dist/tex/generic/oberdiek/etexcmds.sty
Package: etexcmds 2016/05/16 v1.6 Avoid name clashes with e-TeX commands (HO)

(/usr/local/texlive/2018/texmf-dist/tex/generic/oberdiek/ifluatex.sty
Package: ifluatex 2016/05/16 v1.4 Provides the ifluatex switch (HO)
Package ifluatex Info: LuaTeX not detected.
)
Package etexcmds Info: Could not find \expanded.
(etexcmds)             That can mean that you are not using pdfTeX 1.50 or
(etexcmds)             that some package has redefined \expanded.
(etexcmds)             In the latter case, load this package earlier.
)))
Package morefloats Info: Maximum number of possible floats asked for: 36
(morefloats)             (i.e. 18 more floats).
(morefloats)             LaTeX might run out of memory before this
(morefloats)             (in which case it will notify you).
)
\c@userid=\count91
\c@changenumber=\count92
\c@storefootnote=\count93
\c@numeditors=\count94
\c@maxeditors=\count95
)
(/usr/local/texlive/2018/texmf-dist/tex/latex/psnfss/times.sty
Package: times 2005/04/12 PSNFSS-v9.2a (SPQR) 
)
(/usr/local/texlive/2018/texmf-dist/tex/latex/microtype/microtype.sty
Package: microtype 2018/01/14 v2.7a Micro-typographical refinements (RS)
\MT@toks=\toks22
\MT@count=\count96
LaTeX Info: Redefining \textls on input line 793.
\MT@outer@kern=\dimen108
LaTeX Info: Redefining \textmicrotypecontext on input line 1339.
\MT@listname@count=\count97

(/usr/local/texlive/2018/texmf-dist/tex/latex/microtype/microtype-pdftex.def
File: microtype-pdftex.def 2018/01/14 v2.7a Definitions specific to pdftex (RS)

LaTeX Info: Redefining \lsstyle on input line 913.
LaTeX Info: Redefining \lslig on input line 913.
\MT@outer@space=\skip47
)
Package microtype Info: Loading configuration file microtype.cfg.

(/usr/local/texlive/2018/texmf-dist/tex/latex/microtype/microtype.cfg
File: microtype.cfg 2018/01/14 v2.7a microtype main configuration file (RS)
))
(/usr/local/texlive/2018/texmf-dist/tex/latex/l3packages/xparse/xparse.sty
(/usr/local/texlive/2018/texmf-dist/tex/latex/l3kernel/expl3.sty
Package: expl3 2018/03/05 L3 programming layer (loader) 

(/usr/local/texlive/2018/texmf-dist/tex/latex/l3kernel/expl3-code.tex
Package: expl3 2018/03/05 L3 programming layer (code)
\c_max_int=\count98
\l_tmpa_int=\count99
\l_tmpb_int=\count100
\g_tmpa_int=\count101
\g_tmpb_int=\count102
\g__intarray_font_int=\count103
\g__prg_map_int=\count104
\c_log_iow=\count105
\l_iow_line_count_int=\count106
\l__iow_line_target_int=\count107
\l__iow_one_indent_int=\count108
\l__iow_indent_int=\count109
\c_zero_dim=\dimen109
\c_max_dim=\dimen110
\l_tmpa_dim=\dimen111
\l_tmpb_dim=\dimen112
\g_tmpa_dim=\dimen113
\g_tmpb_dim=\dimen114
\c_zero_skip=\skip48
\c_max_skip=\skip49
\l_tmpa_skip=\skip50
\l_tmpb_skip=\skip51
\g_tmpa_skip=\skip52
\g_tmpb_skip=\skip53
\c_zero_muskip=\muskip10
\c_max_muskip=\muskip11
\l_tmpa_muskip=\muskip12
\l_tmpb_muskip=\muskip13
\g_tmpa_muskip=\muskip14
\g_tmpb_muskip=\muskip15
\l_keys_choice_int=\count110
\c__fp_leading_shift_int=\count111
\c__fp_middle_shift_int=\count112
\c__fp_trailing_shift_int=\count113
\c__fp_big_leading_shift_int=\count114
\c__fp_big_middle_shift_int=\count115
\c__fp_big_trailing_shift_int=\count116
\c__fp_Bigg_leading_shift_int=\count117
\c__fp_Bigg_middle_shift_int=\count118
\c__fp_Bigg_trailing_shift_int=\count119
\c__fp_rand_size_int=\count120
\c__fp_rand_four_int=\count121
\c__fp_rand_eight_int=\count122
\l__sort_length_int=\count123
\l__sort_min_int=\count124
\l__sort_top_int=\count125
\l__sort_max_int=\count126
\l__sort_true_max_int=\count127
\l__sort_block_int=\count128
\l__sort_begin_int=\count129
\l__sort_end_int=\count130
\l__sort_A_int=\count131
\l__sort_B_int=\count132
\l__sort_C_int=\count133
\l__tl_build_start_index_int=\count134
\l__tl_build_index_int=\count135
\l__tl_analysis_normal_int=\count136
\l__tl_analysis_index_int=\count137
\l__tl_analysis_nesting_int=\count138
\l__tl_analysis_type_int=\count139
\l__regex_internal_a_int=\count140
\l__regex_internal_b_int=\count141
\l__regex_internal_c_int=\count142
\l__regex_balance_int=\count143
\l__regex_group_level_int=\count144
\l__regex_mode_int=\count145
\c__regex_cs_in_class_mode_int=\count146
\c__regex_cs_mode_int=\count147
\l__regex_catcodes_int=\count148
\l__regex_default_catcodes_int=\count149
\c__regex_catcode_D_int=\count150
\c__regex_catcode_S_int=\count151
\c__regex_catcode_L_int=\count152
\c__regex_catcode_O_int=\count153
\c__regex_catcode_A_int=\count154
\c__regex_all_catcodes_int=\count155
\l__regex_show_lines_int=\count156
\l__regex_min_state_int=\count157
\l__regex_max_state_int=\count158
\l__regex_left_state_int=\count159
\l__regex_right_state_int=\count160
\l__regex_capturing_group_int=\count161
\l__regex_min_pos_int=\count162
\l__regex_max_pos_int=\count163
\l__regex_curr_pos_int=\count164
\l__regex_start_pos_int=\count165
\l__regex_success_pos_int=\count166
\l__regex_curr_char_int=\count167
\l__regex_curr_catcode_int=\count168
\l__regex_last_char_int=\count169
\l__regex_case_changed_char_int=\count170
\l__regex_curr_state_int=\count171
\l__regex_step_int=\count172
\l__regex_min_active_int=\count173
\l__regex_max_active_int=\count174
\l__regex_replacement_csnames_int=\count175
\l__regex_match_count_int=\count176
\l__regex_min_submatch_int=\count177
\l__regex_submatch_int=\count178
\l__regex_zeroth_submatch_int=\count179
\g__regex_trace_regex_int=\count180
\c_empty_box=\box26
\l_tmpa_box=\box27
\l_tmpb_box=\box28
\g_tmpa_box=\box29
\g_tmpb_box=\box30
\l__box_top_dim=\dimen115
\l__box_bottom_dim=\dimen116
\l__box_left_dim=\dimen117
\l__box_right_dim=\dimen118
\l__box_top_new_dim=\dimen119
\l__box_bottom_new_dim=\dimen120
\l__box_left_new_dim=\dimen121
\l__box_right_new_dim=\dimen122
\l__box_internal_box=\box31
\l__coffin_internal_box=\box32
\l__coffin_internal_dim=\dimen123
\l__coffin_offset_x_dim=\dimen124
\l__coffin_offset_y_dim=\dimen125
\l__coffin_x_dim=\dimen126
\l__coffin_y_dim=\dimen127
\l__coffin_x_prime_dim=\dimen128
\l__coffin_y_prime_dim=\dimen129
\c_empty_coffin=\box33
\l__coffin_aligned_coffin=\box34
\l__coffin_aligned_internal_coffin=\box35
\l_tmpa_coffin=\box36
\l_tmpb_coffin=\box37
\l__coffin_display_coffin=\box38
\l__coffin_display_coord_coffin=\box39
\l__coffin_display_pole_coffin=\box40
\l__coffin_display_offset_dim=\dimen130
\l__coffin_display_x_dim=\dimen131
\l__coffin_display_y_dim=\dimen132
\l__coffin_bounding_shift_dim=\dimen133
\l__coffin_left_corner_dim=\dimen134
\l__coffin_right_corner_dim=\dimen135
\l__coffin_bottom_corner_dim=\dimen136
\l__coffin_top_corner_dim=\dimen137
\l__coffin_scaled_total_height_dim=\dimen138
\l__coffin_scaled_width_dim=\dimen139
)
(/usr/local/texlive/2018/texmf-dist/tex/latex/l3kernel/l3pdfmode.def
File: l3pdfmode.def 2017/03/18 v L3 Experimental driver: PDF mode
\l__driver_color_stack_int=\count181
))
Package: xparse 2018/02/21 L3 Experimental document command parser
\l__xparse_current_arg_int=\count182
\g__xparse_grabber_int=\count183
\l__xparse_m_args_int=\count184
\l__xparse_mandatory_args_int=\count185
\l__xparse_v_nesting_int=\count186
)
(/usr/local/texlive/2018/texmf-dist/tex/latex/tcolorbox/tcolorbox.sty
Package: tcolorbox 2018/03/22 version 4.13 text color boxes

(/usr/local/texlive/2018/texmf-dist/tex/latex/pgf/basiclayer/pgf.sty
(/usr/local/texlive/2018/texmf-dist/tex/latex/pgf/utilities/pgfrcs.sty
(/usr/local/texlive/2018/texmf-dist/tex/generic/pgf/utilities/pgfutil-common.te
x
\pgfutil@everybye=\toks23
\pgfutil@tempdima=\dimen140
\pgfutil@tempdimb=\dimen141

(/usr/local/texlive/2018/texmf-dist/tex/generic/pgf/utilities/pgfutil-common-li
sts.tex))
(/usr/local/texlive/2018/texmf-dist/tex/generic/pgf/utilities/pgfutil-latex.def
\pgfutil@abb=\box41
(/usr/local/texlive/2018/texmf-dist/tex/latex/ms/everyshi.sty
Package: everyshi 2001/05/15 v3.00 EveryShipout Package (MS)
))
(/usr/local/texlive/2018/texmf-dist/tex/generic/pgf/utilities/pgfrcs.code.tex
Package: pgfrcs 2015/08/07 v3.0.1a (rcs-revision 1.31)
))
Package: pgf 2015/08/07 v3.0.1a (rcs-revision 1.15)
(/usr/local/texlive/2018/texmf-dist/tex/latex/pgf/basiclayer/pgfcore.sty
(/usr/local/texlive/2018/texmf-dist/tex/latex/graphics/graphicx.sty
Package: graphicx 2017/06/01 v1.1a Enhanced LaTeX Graphics (DPC,SPQR)

(/usr/local/texlive/2018/texmf-dist/tex/latex/graphics/graphics.sty
Package: graphics 2017/06/25 v1.2c Standard LaTeX Graphics (DPC,SPQR)

(/usr/local/texlive/2018/texmf-dist/tex/latex/graphics/trig.sty
Package: trig 2016/01/03 v1.10 sin cos tan (DPC)
)
(/usr/local/texlive/2018/texmf-dist/tex/latex/graphics-cfg/graphics.cfg
File: graphics.cfg 2016/06/04 v1.11 sample graphics configuration
)
Package graphics Info: Driver file: pdftex.def on input line 99.
)
\Gin@req@height=\dimen142
\Gin@req@width=\dimen143
)
(/usr/local/texlive/2018/texmf-dist/tex/latex/pgf/systemlayer/pgfsys.sty
(/usr/local/texlive/2018/texmf-dist/tex/generic/pgf/systemlayer/pgfsys.code.tex
Package: pgfsys 2014/07/09 v3.0.1a (rcs-revision 1.48)
(/usr/local/texlive/2018/texmf-dist/tex/generic/pgf/utilities/pgfkeys.code.tex
\pgfkeys@pathtoks=\toks24
\pgfkeys@temptoks=\toks25

(/usr/local/texlive/2018/texmf-dist/tex/generic/pgf/utilities/pgfkeysfiltered.c
ode.tex
\pgfkeys@tmptoks=\toks26
))
\pgf@x=\dimen144
\pgf@y=\dimen145
\pgf@xa=\dimen146
\pgf@ya=\dimen147
\pgf@xb=\dimen148
\pgf@yb=\dimen149
\pgf@xc=\dimen150
\pgf@yc=\dimen151
\w@pgf@writea=\write3
\r@pgf@reada=\read1
\c@pgf@counta=\count187
\c@pgf@countb=\count188
\c@pgf@countc=\count189
\c@pgf@countd=\count190
\t@pgf@toka=\toks27
\t@pgf@tokb=\toks28
\t@pgf@tokc=\toks29

(/usr/local/texlive/2018/texmf-dist/tex/generic/pgf/systemlayer/pgf.cfg
File: pgf.cfg 2008/05/14  (rcs-revision 1.7)
)
Driver file for pgf: pgfsys-pdftex.def

(/usr/local/texlive/2018/texmf-dist/tex/generic/pgf/systemlayer/pgfsys-pdftex.d
ef
File: pgfsys-pdftex.def 2014/10/11  (rcs-revision 1.35)

(/usr/local/texlive/2018/texmf-dist/tex/generic/pgf/systemlayer/pgfsys-common-p
df.def
File: pgfsys-common-pdf.def 2013/10/10  (rcs-revision 1.13)
)))
(/usr/local/texlive/2018/texmf-dist/tex/generic/pgf/systemlayer/pgfsyssoftpath.
code.tex
File: pgfsyssoftpath.code.tex 2013/09/09  (rcs-revision 1.9)
\pgfsyssoftpath@smallbuffer@items=\count191
\pgfsyssoftpath@bigbuffer@items=\count192
)
(/usr/local/texlive/2018/texmf-dist/tex/generic/pgf/systemlayer/pgfsysprotocol.
code.tex
File: pgfsysprotocol.code.tex 2006/10/16  (rcs-revision 1.4)
)) (/usr/local/texlive/2018/texmf-dist/tex/latex/xcolor/xcolor.sty
Package: xcolor 2016/05/11 v2.12 LaTeX color extensions (UK)

(/usr/local/texlive/2018/texmf-dist/tex/latex/graphics-cfg/color.cfg
File: color.cfg 2016/01/02 v1.6 sample color configuration
)
Package xcolor Info: Driver file: pdftex.def on input line 225.
LaTeX Info: Redefining \color on input line 709.
Package xcolor Info: Model `cmy' substituted by `cmy0' on input line 1348.
Package xcolor Info: Model `hsb' substituted by `rgb' on input line 1352.
Package xcolor Info: Model `RGB' extended on input line 1364.
Package xcolor Info: Model `HTML' substituted by `rgb' on input line 1366.
Package xcolor Info: Model `Hsb' substituted by `hsb' on input line 1367.
Package xcolor Info: Model `tHsb' substituted by `hsb' on input line 1368.
Package xcolor Info: Model `HSB' substituted by `hsb' on input line 1369.
Package xcolor Info: Model `Gray' substituted by `gray' on input line 1370.
Package xcolor Info: Model `wave' substituted by `hsb' on input line 1371.
)
(/usr/local/texlive/2018/texmf-dist/tex/generic/pgf/basiclayer/pgfcore.code.tex
Package: pgfcore 2010/04/11 v3.0.1a (rcs-revision 1.7)
(/usr/local/texlive/2018/texmf-dist/tex/generic/pgf/math/pgfmath.code.tex
(/usr/local/texlive/2018/texmf-dist/tex/generic/pgf/math/pgfmathcalc.code.tex
(/usr/local/texlive/2018/texmf-dist/tex/generic/pgf/math/pgfmathutil.code.tex)
(/usr/local/texlive/2018/texmf-dist/tex/generic/pgf/math/pgfmathparser.code.tex
\pgfmath@dimen=\dimen152
\pgfmath@count=\count193
\pgfmath@box=\box42
\pgfmath@toks=\toks30
\pgfmath@stack@operand=\toks31
\pgfmath@stack@operation=\toks32
)
(/usr/local/texlive/2018/texmf-dist/tex/generic/pgf/math/pgfmathfunctions.code.
tex
(/usr/local/texlive/2018/texmf-dist/tex/generic/pgf/math/pgfmathfunctions.basic
.code.tex)
(/usr/local/texlive/2018/texmf-dist/tex/generic/pgf/math/pgfmathfunctions.trigo
nometric.code.tex)
(/usr/local/texlive/2018/texmf-dist/tex/generic/pgf/math/pgfmathfunctions.rando
m.code.tex)
(/usr/local/texlive/2018/texmf-dist/tex/generic/pgf/math/pgfmathfunctions.compa
rison.code.tex)
(/usr/local/texlive/2018/texmf-dist/tex/generic/pgf/math/pgfmathfunctions.base.
code.tex)
(/usr/local/texlive/2018/texmf-dist/tex/generic/pgf/math/pgfmathfunctions.round
.code.tex)
(/usr/local/texlive/2018/texmf-dist/tex/generic/pgf/math/pgfmathfunctions.misc.
code.tex)
(/usr/local/texlive/2018/texmf-dist/tex/generic/pgf/math/pgfmathfunctions.integ
erarithmetics.code.tex)))
(/usr/local/texlive/2018/texmf-dist/tex/generic/pgf/math/pgfmathfloat.code.tex
\c@pgfmathroundto@lastzeros=\count194
))
(/usr/local/texlive/2018/texmf-dist/tex/generic/pgf/basiclayer/pgfcorepoints.co
de.tex
File: pgfcorepoints.code.tex 2013/10/07  (rcs-revision 1.27)
\pgf@picminx=\dimen153
\pgf@picmaxx=\dimen154
\pgf@picminy=\dimen155
\pgf@picmaxy=\dimen156
\pgf@pathminx=\dimen157
\pgf@pathmaxx=\dimen158
\pgf@pathminy=\dimen159
\pgf@pathmaxy=\dimen160
\pgf@xx=\dimen161
\pgf@xy=\dimen162
\pgf@yx=\dimen163
\pgf@yy=\dimen164
\pgf@zx=\dimen165
\pgf@zy=\dimen166
)
(/usr/local/texlive/2018/texmf-dist/tex/generic/pgf/basiclayer/pgfcorepathconst
ruct.code.tex
File: pgfcorepathconstruct.code.tex 2013/10/07  (rcs-revision 1.29)
\pgf@path@lastx=\dimen167
\pgf@path@lasty=\dimen168
)
(/usr/local/texlive/2018/texmf-dist/tex/generic/pgf/basiclayer/pgfcorepathusage
.code.tex
File: pgfcorepathusage.code.tex 2014/11/02  (rcs-revision 1.24)
\pgf@shorten@end@additional=\dimen169
\pgf@shorten@start@additional=\dimen170
)
(/usr/local/texlive/2018/texmf-dist/tex/generic/pgf/basiclayer/pgfcorescopes.co
de.tex
File: pgfcorescopes.code.tex 2015/05/08  (rcs-revision 1.46)
\pgfpic=\box43
\pgf@hbox=\box44
\pgf@layerbox@main=\box45
\pgf@picture@serial@count=\count195
)
(/usr/local/texlive/2018/texmf-dist/tex/generic/pgf/basiclayer/pgfcoregraphicst
ate.code.tex
File: pgfcoregraphicstate.code.tex 2014/11/02  (rcs-revision 1.12)
\pgflinewidth=\dimen171
)
(/usr/local/texlive/2018/texmf-dist/tex/generic/pgf/basiclayer/pgfcoretransform
ations.code.tex
File: pgfcoretransformations.code.tex 2015/08/07  (rcs-revision 1.20)
\pgf@pt@x=\dimen172
\pgf@pt@y=\dimen173
\pgf@pt@temp=\dimen174
)
(/usr/local/texlive/2018/texmf-dist/tex/generic/pgf/basiclayer/pgfcorequick.cod
e.tex
File: pgfcorequick.code.tex 2008/10/09  (rcs-revision 1.3)
)
(/usr/local/texlive/2018/texmf-dist/tex/generic/pgf/basiclayer/pgfcoreobjects.c
ode.tex
File: pgfcoreobjects.code.tex 2006/10/11  (rcs-revision 1.2)
)
(/usr/local/texlive/2018/texmf-dist/tex/generic/pgf/basiclayer/pgfcorepathproce
ssing.code.tex
File: pgfcorepathprocessing.code.tex 2013/09/09  (rcs-revision 1.9)
)
(/usr/local/texlive/2018/texmf-dist/tex/generic/pgf/basiclayer/pgfcorearrows.co
de.tex
File: pgfcorearrows.code.tex 2015/05/14  (rcs-revision 1.43)
\pgfarrowsep=\dimen175
)
(/usr/local/texlive/2018/texmf-dist/tex/generic/pgf/basiclayer/pgfcoreshade.cod
e.tex
File: pgfcoreshade.code.tex 2013/07/15  (rcs-revision 1.15)
\pgf@max=\dimen176
\pgf@sys@shading@range@num=\count196
)
(/usr/local/texlive/2018/texmf-dist/tex/generic/pgf/basiclayer/pgfcoreimage.cod
e.tex
File: pgfcoreimage.code.tex 2013/07/15  (rcs-revision 1.18)

(/usr/local/texlive/2018/texmf-dist/tex/generic/pgf/basiclayer/pgfcoreexternal.
code.tex
File: pgfcoreexternal.code.tex 2014/07/09  (rcs-revision 1.21)
\pgfexternal@startupbox=\box46
))
(/usr/local/texlive/2018/texmf-dist/tex/generic/pgf/basiclayer/pgfcorelayers.co
de.tex
File: pgfcorelayers.code.tex 2013/07/18  (rcs-revision 1.7)
)
(/usr/local/texlive/2018/texmf-dist/tex/generic/pgf/basiclayer/pgfcoretranspare
ncy.code.tex
File: pgfcoretransparency.code.tex 2013/09/30  (rcs-revision 1.5)
)
(/usr/local/texlive/2018/texmf-dist/tex/generic/pgf/basiclayer/pgfcorepatterns.
code.tex
File: pgfcorepatterns.code.tex 2013/11/07  (rcs-revision 1.5)
)))
(/usr/local/texlive/2018/texmf-dist/tex/generic/pgf/modules/pgfmoduleshapes.cod
e.tex
File: pgfmoduleshapes.code.tex 2014/03/21  (rcs-revision 1.35)
\pgfnodeparttextbox=\box47
)
(/usr/local/texlive/2018/texmf-dist/tex/generic/pgf/modules/pgfmoduleplot.code.
tex
File: pgfmoduleplot.code.tex 2015/08/03  (rcs-revision 1.13)
)
(/usr/local/texlive/2018/texmf-dist/tex/latex/pgf/compatibility/pgfcomp-version
-0-65.sty
Package: pgfcomp-version-0-65 2007/07/03 v3.0.1a (rcs-revision 1.7)
\pgf@nodesepstart=\dimen177
\pgf@nodesepend=\dimen178
)
(/usr/local/texlive/2018/texmf-dist/tex/latex/pgf/compatibility/pgfcomp-version
-1-18.sty
Package: pgfcomp-version-1-18 2007/07/23 v3.0.1a (rcs-revision 1.1)
)) (/usr/local/texlive/2018/texmf-dist/tex/latex/tools/verbatim.sty
Package: verbatim 2014/10/28 v1.5q LaTeX2e package for verbatim enhancements
\every@verbatim=\toks33
\verbatim@line=\toks34
\verbatim@in@stream=\read2
)
(/usr/local/texlive/2018/texmf-dist/tex/latex/environ/environ.sty
Package: environ 2014/05/04 v0.3 A new way to define environments

(/usr/local/texlive/2018/texmf-dist/tex/latex/trimspaces/trimspaces.sty
Package: trimspaces 2009/09/17 v1.1 Trim spaces around a token list
)
\@envbody=\toks35
)
(/usr/local/texlive/2018/texmf-dist/tex/latex/etoolbox/etoolbox.sty
Package: etoolbox 2018/02/11 v2.5e e-TeX tools for LaTeX (JAW)
\etb@tempcnta=\count197
)
\tcb@titlebox=\box48
\tcb@upperbox=\box49
\tcb@lowerbox=\box50
\tcb@phantombox=\box51
\c@tcbbreakpart=\count198
\c@tcblayer=\count199
\tcolorbox@number=\count266
\tcb@temp=\box52
\tcb@temp=\box53
\tcb@temp=\box54
\tcb@temp=\box55
\tcb@out=\write4
\tcb@record@out=\write5
)
(/usr/local/texlive/2018/texmf-dist/tex/latex/tcolorbox/tcbskins.code.tex
Library (tcolorbox): 'tcbskins.code.tex' version '4.13'
(/usr/local/texlive/2018/texmf-dist/tex/latex/pgf/frontendlayer/tikz.sty
(/usr/local/texlive/2018/texmf-dist/tex/latex/pgf/utilities/pgffor.sty
(/usr/local/texlive/2018/texmf-dist/tex/latex/pgf/utilities/pgfkeys.sty
(/usr/local/texlive/2018/texmf-dist/tex/generic/pgf/utilities/pgfkeys.code.tex)
) (/usr/local/texlive/2018/texmf-dist/tex/latex/pgf/math/pgfmath.sty
(/usr/local/texlive/2018/texmf-dist/tex/generic/pgf/math/pgfmath.code.tex))
(/usr/local/texlive/2018/texmf-dist/tex/generic/pgf/utilities/pgffor.code.tex
Package: pgffor 2013/12/13 v3.0.1a (rcs-revision 1.25)

(/usr/local/texlive/2018/texmf-dist/tex/generic/pgf/math/pgfmath.code.tex)
\pgffor@iter=\dimen179
\pgffor@skip=\dimen180
\pgffor@stack=\toks36
\pgffor@toks=\toks37
))
(/usr/local/texlive/2018/texmf-dist/tex/generic/pgf/frontendlayer/tikz/tikz.cod
e.tex
Package: tikz 2015/08/07 v3.0.1a (rcs-revision 1.151)

(/usr/local/texlive/2018/texmf-dist/tex/generic/pgf/libraries/pgflibraryplothan
dlers.code.tex
File: pgflibraryplothandlers.code.tex 2013/08/31 v3.0.1a (rcs-revision 1.20)
\pgf@plot@mark@count=\count267
\pgfplotmarksize=\dimen181
)
\tikz@lastx=\dimen182
\tikz@lasty=\dimen183
\tikz@lastxsaved=\dimen184
\tikz@lastysaved=\dimen185
\tikzleveldistance=\dimen186
\tikzsiblingdistance=\dimen187
\tikz@figbox=\box56
\tikz@figbox@bg=\box57
\tikz@tempbox=\box58
\tikz@tempbox@bg=\box59
\tikztreelevel=\count268
\tikznumberofchildren=\count269
\tikznumberofcurrentchild=\count270
\tikz@fig@count=\count271

(/usr/local/texlive/2018/texmf-dist/tex/generic/pgf/modules/pgfmodulematrix.cod
e.tex
File: pgfmodulematrix.code.tex 2013/09/17  (rcs-revision 1.8)
\pgfmatrixcurrentrow=\count272
\pgfmatrixcurrentcolumn=\count273
\pgf@matrix@numberofcolumns=\count274
)
\tikz@expandcount=\count275

(/usr/local/texlive/2018/texmf-dist/tex/generic/pgf/frontendlayer/tikz/librarie
s/tikzlibrarytopaths.code.tex
File: tikzlibrarytopaths.code.tex 2008/06/17 v3.0.1a (rcs-revision 1.2)
)))
\tcb@waterbox=\box60

(/usr/local/texlive/2018/texmf-dist/tex/latex/tcolorbox/tcbskinsjigsaw.code.tex
Library (tcolorbox): 'tcbskinsjigsaw.code.tex' version '4.13'
))
.................................................
. LaTeX info: "xparse/define-environment"
. 
. Defining environment 'response' with sig. '+mO{black!20}' on line 29.
.................................................
.................................................
. LaTeX info: "xparse/define-command"
. 
. Defining command \Reviewer with sig. 'm' on line 33.
.................................................
 (./Rebuttal_Letter.aux)
\openout1 = `Rebuttal_Letter.aux'.

LaTeX Font Info:    Checking defaults for OML/cmm/m/it on input line 48.
LaTeX Font Info:    ... okay on input line 48.
LaTeX Font Info:    Checking defaults for T1/cmr/m/n on input line 48.
LaTeX Font Info:    ... okay on input line 48.
LaTeX Font Info:    Checking defaults for OT1/cmr/m/n on input line 48.
LaTeX Font Info:    ... okay on input line 48.
LaTeX Font Info:    Checking defaults for OMS/cmsy/m/n on input line 48.
LaTeX Font Info:    ... okay on input line 48.
LaTeX Font Info:    Checking defaults for OMX/cmex/m/n on input line 48.
LaTeX Font Info:    ... okay on input line 48.
LaTeX Font Info:    Checking defaults for U/cmr/m/n on input line 48.
LaTeX Font Info:    ... okay on input line 48.
LaTeX Font Info:    Try loading font information for OT1+ptm on input line 48.

(/usr/local/texlive/2018/texmf-dist/tex/latex/psnfss/ot1ptm.fd
File: ot1ptm.fd 2001/06/04 font definitions for OT1/ptm.
)
(/usr/local/texlive/2018/texmf-dist/tex/context/base/mkii/supp-pdf.mkii
[Loading MPS to PDF converter (version 2006.09.02).]
\scratchcounter=\count276
\scratchdimen=\dimen188
\scratchbox=\box61
\nofMPsegments=\count277
\nofMParguments=\count278
\everyMPshowfont=\toks38
\MPscratchCnt=\count279
\MPscratchDim=\dimen189
\MPnumerator=\count280
\makeMPintoPDFobject=\count281
\everyMPtoPDFconversion=\toks39
) (/usr/local/texlive/2018/texmf-dist/tex/latex/oberdiek/epstopdf-base.sty
Package: epstopdf-base 2016/05/15 v2.6 Base part for package epstopdf

(/usr/local/texlive/2018/texmf-dist/tex/latex/oberdiek/grfext.sty
Package: grfext 2016/05/16 v1.2 Manage graphics extensions (HO)

(/usr/local/texlive/2018/texmf-dist/tex/generic/oberdiek/kvdefinekeys.sty
Package: kvdefinekeys 2016/05/16 v1.4 Define keys (HO)
))
(/usr/local/texlive/2018/texmf-dist/tex/generic/oberdiek/pdftexcmds.sty
Package: pdftexcmds 2018/01/30 v0.27 Utility functions of pdfTeX for LuaTeX (HO
)

(/usr/local/texlive/2018/texmf-dist/tex/generic/oberdiek/ifpdf.sty
Package: ifpdf 2017/03/15 v3.2 Provides the ifpdf switch
)
Package pdftexcmds Info: LuaTeX not detected.
Package pdftexcmds Info: \pdf@primitive is available.
Package pdftexcmds Info: \pdf@ifprimitive is available.
Package pdftexcmds Info: \pdfdraftmode found.
)
Package epstopdf-base Info: Redefining graphics rule for `.eps' on input line 4
38.
Package grfext Info: Graphics extension search list:
(grfext)             [.pdf,.png,.jpg,.mps,.jpeg,.jbig2,.jb2,.PDF,.PNG,.JPG,.JPE
G,.JBIG2,.JB2,.eps]
(grfext)             \AppendGraphicsExtensions on input line 456.

(/usr/local/texlive/2018/texmf-dist/tex/latex/latexconfig/epstopdf-sys.cfg
File: epstopdf-sys.cfg 2010/07/13 v1.3 Configuration of (r)epstopdf for TeX Liv
e
))
LaTeX Info: Redefining \microtypecontext on input line 48.
Package microtype Info: Generating PDF output.
Package microtype Info: Character protrusion enabled (level 2).
Package microtype Info: Using default protrusion set `alltext'.
Package microtype Info: Automatic font expansion enabled (level 2),
(microtype)             stretch: 20, shrink: 20, step: 1, non-selected.
Package microtype Info: Using default expansion set `basictext'.
Package microtype Info: No adjustment of tracking.
Package microtype Info: No adjustment of interword spacing.
Package microtype Info: No adjustment of character kerning.

(/usr/local/texlive/2018/texmf-dist/tex/latex/microtype/mt-ptm.cfg
File: mt-ptm.cfg 2006/04/20 v1.7 microtype config. file: Times (RS)
)
ABD: EveryShipout initializing macros

! LaTeX Error: No \title given.

See the LaTeX manual or LaTeX Companion for explanation.
Type  H <return>  for immediate help.
 ...                                              
                                                  
l.48 \begin{document}
                     
Try typing  <return>  to proceed.
If that doesn't work, type  X <return>  to quit.

(/usr/local/texlive/2018/texmf-dist/tex/latex/microtype/mt-cmr.cfg
File: mt-cmr.cfg 2013/05/19 v2.2 microtype config. file: Computer Modern Roman 
(RS)
)
LaTeX Font Info:    External font `cmex10' loaded for size
(Font)              <14.4> on input line 48.
LaTeX Font Info:    External font `cmex10' loaded for size
(Font)              <7> on input line 48.


LaTeX Warning: No \author given.

LaTeX Font Info:    Font shape `OT1/ptm/bx/n' in size <17.28> not available
(Font)              Font shape `OT1/ptm/b/n' tried instead on input line 58.
LaTeX Font Info:    Try loading font information for OT1+pcr on input line 60.
(/usr/local/texlive/2018/texmf-dist/tex/latex/psnfss/ot1pcr.fd
File: ot1pcr.fd 2001/06/04 font definitions for OT1/pcr.
)
Package microtype Info: Loading generic protrusion settings for font family
(microtype)             `pcr' (encoding: OT1).
(microtype)             For optimal results, create family-specific settings.
(microtype)             See the microtype manual for details.

Underfull \hbox (badness 10000) in paragraph at lines 60--60
\OT1/pcr/m/n/12 The manuscript of Fadugba et al. "Effects of
 []


Underfull \hbox (badness 10000) in paragraph at lines 60--60
\OT1/pcr/m/n/12 pre-existing structures on the seismicity of the
 []


Underfull \hbox (badness 10000) in paragraph at lines 60--60
\OT1/pcr/m/n/12 Charlevoix Seismic Zone" introduces a modeling
 []


Underfull \hbox (badness 10000) in paragraph at lines 60--60
\OT1/pcr/m/n/12 study assessing the stress perturbation due
 []


Underfull \hbox (badness 10000) in paragraph at lines 60--60
\OT1/pcr/m/n/12 to a specific tectonic structure, that is, a
 []


Underfull \hbox (badness 10000) in paragraph at lines 60--60
\OT1/pcr/m/n/12 rift system overprinted on the impact crater
 []


Underfull \hbox (badness 10000) in paragraph at lines 60--60
\OT1/pcr/m/n/12 in Charlevoix Seismic Zone, eastern Canada.
 []


Underfull \hbox (badness 10000) in paragraph at lines 60--60
\OT1/pcr/m/n/12 The effects of possible factors, including
 []


Underfull \hbox (badness 10000) in paragraph at lines 60--60
\OT1/pcr/m/n/12 fault geometry, frictional strengths along
 []


Underfull \hbox (badness 10000) in paragraph at lines 60--60
\OT1/pcr/m/n/12 faults, elastic properties of the crater and the
 []


Underfull \hbox (badness 10000) in paragraph at lines 60--60
\OT1/pcr/m/n/12 different velocity models, are being discussed
 []


Underfull \hbox (badness 10000) in paragraph at lines 60--60
\OT1/pcr/m/n/12 by comparing the causal stress perturbations
 []


Underfull \hbox (badness 10000) in paragraph at lines 60--60
\OT1/pcr/m/n/12 to relocated seismic distributions. They study
 []


Underfull \hbox (badness 10000) in paragraph at lines 60--60
\OT1/pcr/m/n/12 the combined effects of the impact zone and
 []


Underfull \hbox (badness 10000) in paragraph at lines 60--60
\OT1/pcr/m/n/12 rift faults, confirm the importance of the
 []


Underfull \hbox (badness 10000) in paragraph at lines 60--60
\OT1/pcr/m/n/12 two tectonic factors in explaining the stress
 []


Underfull \hbox (badness 10000) in paragraph at lines 60--60
\OT1/pcr/m/n/12 perturbation, and provide a quantified estimation
 []


Underfull \hbox (badness 10000) in paragraph at lines 60--60
\OT1/pcr/m/n/12 of the elastic contrast within and outside the
 []


Underfull \hbox (badness 10000) in paragraph at lines 60--60
\OT1/pcr/m/n/12 impact crater. Overall, I find that their
 []


Underfull \hbox (badness 10000) in paragraph at lines 60--60
\OT1/pcr/m/n/12 research approach is well designed. While the
 []


Underfull \hbox (badness 10000) in paragraph at lines 60--60
\OT1/pcr/m/n/12 result is clearly presented, my main concern
 []


Underfull \hbox (badness 10000) in paragraph at lines 60--60
\OT1/pcr/m/n/12 is how to justify conclusions based on model
 []

[1

{/usr/local/texlive/2018/texmf-var/fonts/map/pdftex/updmap/pdftex.map}]
Underfull \hbox (badness 10000) in paragraph at lines 63--63
\OT1/pcr/m/n/12 I recommend the authors to justify the assumption
 []


Underfull \hbox (badness 10000) in paragraph at lines 63--63
\OT1/pcr/m/n/12 of the independency effect of involved factors
 []


Underfull \hbox (badness 10000) in paragraph at lines 63--63
\OT1/pcr/m/n/12 on stress perturbations, or that they have
 []

[2]
LaTeX Font Info:    External font `cmex10' loaded for size
(Font)              <12> on input line 67.
LaTeX Font Info:    External font `cmex10' loaded for size
(Font)              <8> on input line 67.
LaTeX Font Info:    External font `cmex10' loaded for size
(Font)              <6> on input line 67.

Underfull \hbox (badness 10000) in paragraph at lines 67--67
\OT1/pcr/m/n/12 Also, I would be curious to know the sensitivity
 []


Underfull \hbox (badness 10000) in paragraph at lines 67--67
\OT1/pcr/m/n/12 of your model to these factors, so that we
 []


Underfull \hbox (badness 10000) in paragraph at lines 67--67
\OT1/pcr/m/n/12 will have a rough idea of the model resolution.
 []


Underfull \hbox (badness 10000) in paragraph at lines 67--67
\OT1/pcr/m/n/12 It will also support your choice of parameter
 []


Underfull \hbox (badness 10000) in paragraph at lines 67--67
\OT1/pcr/m/n/12 intervals, for example, moduli ratio and $\OML/cmm/m/it/12 ^^V$
 \OT1/pcr/m/n/12 (Table
 []


Underfull \hbox (badness 10000) in paragraph at lines 76--76
\OT1/pcr/m/n/12 1. Line 113: Add a supplementary figure to
 []


Underfull \hbox (badness 10000) in paragraph at lines 76--76
\OT1/pcr/m/n/12 support your statement of consistent solutions
 []


Underfull \hbox (badness 10000) in paragraph at lines 82--82
\OT1/pcr/m/n/12 2. Line 116: Introduce the computational
 []


Underfull \hbox (badness 10000) in paragraph at lines 82--82
\OT1/pcr/m/n/12 efficiency of your model, like how much cores
 []


Underfull \hbox (badness 10000) in paragraph at lines 82--82
\OT1/pcr/m/n/12 your model requests, how long it takes. You can
 []


Underfull \hbox (badness 10000) in paragraph at lines 82--82
\OT1/pcr/m/n/12 add this information into Table 1 if it varies
 []


Underfull \hbox (badness 10000) in paragraph at lines 92--92
\OT1/pcr/m/n/12 3. Line 131-133: I do not understand why you
 []


Underfull \hbox (badness 10000) in paragraph at lines 92--92
\OT1/pcr/m/n/12 set your boundary conditions as the differential
 []


Underfull \hbox (badness 10000) in paragraph at lines 92--92
\OT1/pcr/m/n/12 stress reaches 706 MPa. Do you set a criterion
 []


Underfull \hbox (badness 10000) in paragraph at lines 92--92
\OT1/pcr/m/n/12 for shear stress somewhere else? Please make it
 []

[3]
Underfull \hbox (badness 10000) in paragraph at lines 102--102
\OT1/pcr/m/n/12 4. Section 2.3: You did not mention the values
 []


Underfull \hbox (badness 10000) in paragraph at lines 102--102
\OT1/pcr/m/n/12 of bulk modulus and shear modulus applied in your
 []


Underfull \hbox (badness 10000) in paragraph at lines 108--108
\OT1/pcr/m/n/12 5. Line 154-156: As I said in the main concern,
 []


Underfull \hbox (badness 10000) in paragraph at lines 108--108
\OT1/pcr/m/n/12 you need to justify the reduction of 10% from
 []


Underfull \hbox (badness 10000) in paragraph at lines 108--108
\OT1/pcr/m/n/12 the velocity model to represent the impact crater
 []


Underfull \hbox (badness 10000) in paragraph at lines 115--115
\OT1/pcr/m/n/12 6. Line 164-165: According to Marone (1995),
 []


Underfull \hbox (badness 10000) in paragraph at lines 115--115
\OT1/pcr/m/n/12 the assumption of zero cohesion could be valid
 []


Underfull \hbox (badness 10000) in paragraph at lines 115--115
\OT1/pcr/m/n/12 for the pre-existing fractures sheared at low
 []


Underfull \hbox (badness 10000) in paragraph at lines 115--115
\OT1/pcr/m/n/12 normal stress. In your models, the fault depth
 []


Underfull \hbox (badness 10000) in paragraph at lines 115--115
\OT1/pcr/m/n/12 reaches up to 40 km (at least the stress change
 []


Underfull \hbox (badness 10000) in paragraph at lines 115--115
\OT1/pcr/m/n/12 at 25 km depth is discussed), which is not
 []


Underfull \hbox (badness 10000) in paragraph at lines 115--115
\OT1/pcr/m/n/12 the case for a low normal stress. It will be
 []


Underfull \hbox (badness 10000) in paragraph at lines 115--115
\OT1/pcr/m/n/12 helpful to discuss the situation of faults with
 []


Underfull \hbox (badness 10000) in paragraph at lines 115--115
\OT1/pcr/m/n/12 reasonable cohesive stress values, especially
 []


Underfull \hbox (badness 10000) in paragraph at lines 115--115
\OT1/pcr/m/n/12 how this influence the fitting of friction
 []

[4]
Underfull \hbox (badness 10000) in paragraph at lines 122--122
\OT1/pcr/m/n/12 7. Line 226-231: When evaluate the modeling
 []


Underfull \hbox (badness 10000) in paragraph at lines 122--122
\OT1/pcr/m/n/12 result, I suggest the authors to quantify the
 []


Underfull \hbox (badness 10000) in paragraph at lines 122--122
\OT1/pcr/m/n/12 fitting between the simulated stress change
 []


Underfull \hbox (badness 10000) in paragraph at lines 122--122
\OT1/pcr/m/n/12 and the earthquake hypocenters. It will help
 []


Underfull \hbox (badness 10000) in paragraph at lines 122--122
\OT1/pcr/m/n/12 convincing the readers of preferred model
 []


Underfull \hbox (badness 10000) in paragraph at lines 122--122
\OT1/pcr/m/n/12 parameters. For example, I do not see it
 []


Underfull \hbox (badness 10000) in paragraph at lines 122--122
\OT1/pcr/m/n/12 necessarily to prefer the frictional coefficient
 []


Underfull \hbox (badness 10000) in paragraph at lines 130--130
\OT1/pcr/m/n/12 8. Line 312: You need to justify the mesh size
 []

[5]
Underfull \hbox (badness 10000) in paragraph at lines 136--136
\OT1/pcr/m/n/12 9. Line 321-323: It is not sufficient to
 []


Underfull \hbox (badness 10000) in paragraph at lines 136--136
\OT1/pcr/m/n/12 reject the possibility of positive Coulomb
 []


Underfull \hbox (badness 10000) in paragraph at lines 136--136
\OT1/pcr/m/n/12 stress change along the entire faults based
 []


Underfull \hbox (badness 10000) in paragraph at lines 136--136
\OT1/pcr/m/n/12 on limited observation period of seismicity
 []


Underfull \hbox (badness 10000) in paragraph at lines 136--136
\OT1/pcr/m/n/12 distribution, that is, consider the northern
 []


Underfull \hbox (badness 10000) in paragraph at lines 136--136
\OT1/pcr/m/n/12 segment as aseismic creeping. Alternatively,
 []


Underfull \hbox (badness 10000) in paragraph at lines 136--136
\OT1/pcr/m/n/12 it is possible that the northern segment of the
 []


Underfull \hbox (badness 10000) in paragraph at lines 136--136
\OT1/pcr/m/n/12 fault accumulates the stress loading and has
 []


Underfull \hbox (badness 10000) in paragraph at lines 136--136
\OT1/pcr/m/n/12 longer time interval to rupture as a seismic
 []


Underfull \hbox (badness 10000) in paragraph at lines 136--136
\OT1/pcr/m/n/12 asperity. To distinguish these two possibilities,
 []


Underfull \hbox (badness 10000) in paragraph at lines 136--136
\OT1/pcr/m/n/12 I suggest check the distribution of historical
 []


Underfull \hbox (badness 10000) in paragraph at lines 136--136
\OT1/pcr/m/n/12 earthquakes, or GPS observations of the fault
 []

LaTeX Font Info:    Font shape `OT1/ptm/bx/n' in size <12> not available
(Font)              Font shape `OT1/ptm/b/n' tried instead on input line 144.

Underfull \hbox (badness 10000) in paragraph at lines 146--146
\OT1/pcr/m/n/12 1. Line 35-36: "The impact crater has a radius
 []


Underfull \hbox (badness 10000) in paragraph at lines 146--146
\OT1/pcr/m/n/12 of 28 km and is 15 km deep." Please add an
 []


Underfull \hbox (badness 10000) in paragraph at lines 151--151
\OT1/pcr/m/n/12 2. Line 428: Please add a reference to support
 []


Underfull \hbox (badness 10000) in paragraph at lines 151--151
\OT1/pcr/m/n/12 the implication of these rift faults have varied
 []


Underfull \hbox (badness 10000) in paragraph at lines 158--158
\OT1/pcr/m/n/12 1. Mark the crater and faults as a reference in
 []


Underfull \hbox (badness 10000) in paragraph at lines 158--158
\OT1/pcr/m/n/12 Figures 6, 8 ,10-12, as what you did for Figures
 []


Underfull \hbox (badness 10000) in paragraph at lines 158--158
\OT1/pcr/m/n/12 7 and 9. It helps readers to compare between
 []

[6]
Underfull \hbox (badness 10000) in paragraph at lines 163--163
\OT1/pcr/m/n/12 2. Figure 10(B): Check the last two plots for
 []


Underfull \hbox (badness 10000) in paragraph at lines 163--163
\OT1/pcr/m/n/12 the change in the orientation of SHmax. It
 []


Underfull \hbox (badness 10000) in paragraph at lines 163--163
\OT1/pcr/m/n/12 should be the model with no crater reduces the
 []


Underfull \hbox (badness 10000) in paragraph at lines 174--174
[]\OT1/pcr/m/n/12 This study is important to better understand
 []


Underfull \hbox (badness 10000) in paragraph at lines 174--174
\OT1/pcr/m/n/12 the characteristics of the seismicity of the
 []


Underfull \hbox (badness 10000) in paragraph at lines 174--174
\OT1/pcr/m/n/12 Charlevoix Seismic Zone. It puts to light
 []


Underfull \hbox (badness 10000) in paragraph at lines 174--174
\OT1/pcr/m/n/12 that it is the combination of the meteor impact
 []


Underfull \hbox (badness 10000) in paragraph at lines 174--174
\OT1/pcr/m/n/12 structure and the rift faults that determine
 []


Underfull \hbox (badness 10000) in paragraph at lines 174--174
\OT1/pcr/m/n/12 the positions of most earthquakes. Although the
 []


Underfull \hbox (badness 10000) in paragraph at lines 174--174
\OT1/pcr/m/n/12 modelling does not explain the whole hypocenter
 []


Underfull \hbox (badness 10000) in paragraph at lines 174--174
\OT1/pcr/m/n/12 distribution in Charlevoix, it is one step
 []


Underfull \hbox (badness 10000) in paragraph at lines 174--174
\OT1/pcr/m/n/12 forward in our understanding of the local
 []


Underfull \hbox (badness 10000) in paragraph at lines 174--174
\OT1/pcr/m/n/12 seismotectonics. I have added a few comments
 []

[7]
Underfull \hbox (badness 10000) in paragraph at lines 179--179
\OT1/pcr/m/n/12 I think that Charlevoix is considered a meteor
 []


Underfull \hbox (badness 10000) in paragraph at lines 179--179
\OT1/pcr/m/n/12 impact structure more than a crater. Although
 []


Underfull \hbox (badness 10000) in paragraph at lines 179--179
\OT1/pcr/m/n/12 the difference is sometimes nebulous between the
 []


Underfull \hbox (badness 10000) in paragraph at lines 179--179
\OT1/pcr/m/n/12 two, I would prefer if the authors referred to
 []


Underfull \hbox (badness 10000) in paragraph at lines 179--179
\OT1/pcr/m/n/12 the impact structure. Another word that could
 []


Underfull \hbox (badness 10000) in paragraph at lines 179--179
\OT1/pcr/m/n/12 be used is astrobleme ("star wound"). There
 []


Underfull \hbox (badness 10000) in paragraph at lines 179--179
\OT1/pcr/m/n/12 are some interesting links that explain the
 []


Underfull \hbox (badness 10000) in paragraph at lines 184--184
\OT1/pcr/m/n/12 An aspect that may have been missed is the
 []


Underfull \hbox (badness 10000) in paragraph at lines 184--184
\OT1/pcr/m/n/12 fact that the epicentral map, such as Fig. 1,
 []


Underfull \hbox (badness 10000) in paragraph at lines 184--184
\OT1/pcr/m/n/12 does not show a complete view of the regional
 []


Underfull \hbox (badness 10000) in paragraph at lines 184--184
\OT1/pcr/m/n/12 seismicity. The SSW portion of the St. Lawrence
 []


Underfull \hbox (badness 10000) in paragraph at lines 184--184
\OT1/pcr/m/n/12 River (upstream towards Quebec City) is also
 []


Underfull \hbox (badness 10000) in paragraph at lines 184--184
\OT1/pcr/m/n/12 active (although not as much as the interior
 []


Underfull \hbox (badness 10000) in paragraph at lines 184--184
\OT1/pcr/m/n/12 of the astrobleme). The dataset shown is the
 []


Underfull \hbox (badness 10000) in paragraph at lines 184--184
\OT1/pcr/m/n/12 one of Powell and Lamontagne (2017) which was
 []


Underfull \hbox (badness 10000) in paragraph at lines 184--184
\OT1/pcr/m/n/12 a selection of events based on their locations
 []


Underfull \hbox (badness 10000) in paragraph at lines 184--184
\OT1/pcr/m/n/12 within the network of seismograph stations, but
 []


Underfull \hbox (badness 10000) in paragraph at lines 184--184
\OT1/pcr/m/n/12 for this map view, I suggest that a more complete
 []


Underfull \hbox (badness 10000) in paragraph at lines 184--184
\OT1/pcr/m/n/12 dataset is presented. The data can be downloaded
 []


Underfull \hbox (badness 10000) in paragraph at lines 189--189
\OT1/pcr/m/n/12 In a couple of places, authors use the expression
 []


Underfull \hbox (badness 10000) in paragraph at lines 189--189
\OT1/pcr/m/n/12 'large magnitude earthquakes'... Except for the
 []


Underfull \hbox (badness 10000) in paragraph at lines 189--189
\OT1/pcr/m/n/12 1925 M 6.2 earthquake, we are uncertain about
 []


Underfull \hbox (badness 10000) in paragraph at lines 189--189
\OT1/pcr/m/n/12 the exact position of the 'large' earthquakes
 []


Underfull \hbox (badness 10000) in paragraph at lines 189--189
\OT1/pcr/m/n/12 in Charlevoix (four other M6+; 1663; 1791,
 []


Underfull \hbox (badness 10000) in paragraph at lines 189--189
\OT1/pcr/m/n/12 1860,1870... although 1870 M 6.5 was probably
 []


Underfull \hbox (badness 10000) in paragraph at lines 189--189
\OT1/pcr/m/n/12 near Ile-aux-Coudres). It would be better to
 []


Underfull \hbox (badness 10000) in paragraph at lines 189--189
\OT1/pcr/m/n/12 say that the M4+ earthquakes, appear to occur
 []


Underfull \hbox (badness 10000) in paragraph at lines 189--189
\OT1/pcr/m/n/12 more often in the NE portion of the CSZ. Stevens
 []


Underfull \hbox (badness 10000) in paragraph at lines 189--189
\OT1/pcr/m/n/12 (1980) also found that some M4+ earthquakes of
 []

[8]
Underfull \hbox (badness 10000) in paragraph at lines 196--196
\OT1/pcr/m/n/12 The authors write that the focal mechanisms
 []


Underfull \hbox (badness 10000) in paragraph at lines 196--196
\OT1/pcr/m/n/12 of the CSZ were not well defined. I disagree
 []


Underfull \hbox (badness 10000) in paragraph at lines 196--196
\OT1/pcr/m/n/12 with them. You can check this OF report, which
 []


Underfull \hbox (badness 10000) in paragraph at lines 196--196
\OT1/pcr/m/n/12 shows that the Quality 'A' mechanisms were
 []


Underfull \hbox (badness 10000) in paragraph at lines 196--196
\OT1/pcr/m/n/12 well defined by the P first motions. I think
 []


Underfull \hbox (badness 10000) in paragraph at lines 196--196
\OT1/pcr/m/n/12 that Mazzotti used most of them in his catalog.
 []


Overfull \hbox (73.19667pt too wide) in paragraph at lines 196--196
\OT1/pcr/m/n/12 https://geoscan.nrcan.gc.ca/starweb/geoscan/servlet.starweb?
 []


Underfull \hbox (badness 10000) in paragraph at lines 202--202
\OT1/pcr/m/n/12 The model assumes an absence of pore-fluid
 []


Underfull \hbox (badness 10000) in paragraph at lines 202--202
\OT1/pcr/m/n/12 pressure along faults. For this reason, the
 []


Underfull \hbox (badness 10000) in paragraph at lines 202--202
\OT1/pcr/m/n/12 stress difference used by the authors is very
 []


Underfull \hbox (badness 10000) in paragraph at lines 202--202
\OT1/pcr/m/n/12 high at seismogenic depth. It is my impression
 []


Underfull \hbox (badness 10000) in paragraph at lines 202--202
\OT1/pcr/m/n/12 that worldwide, direct measurements and modelling
 []


Underfull \hbox (badness 10000) in paragraph at lines 202--202
\OT1/pcr/m/n/12 of tectonic stresses suggest that the maximum
 []


Underfull \hbox (badness 10000) in paragraph at lines 202--202
\OT1/pcr/m/n/12 crustal stress difference has an upper limit of
 []


Underfull \hbox (badness 10000) in paragraph at lines 202--202
\OT1/pcr/m/n/12 about 100-200 MPa... very different from the 706
 []


Underfull \hbox (badness 10000) in paragraph at lines 202--202
\OT1/pcr/m/n/12 MPa suggested by the authors. I think that the
 []


Underfull \hbox (badness 10000) in paragraph at lines 202--202
\OT1/pcr/m/n/12 authors should discuss the possibility that high
 []


Underfull \hbox (badness 10000) in paragraph at lines 202--202
\OT1/pcr/m/n/12 pore-fluid pressures exist at depth and their
 []


Underfull \hbox (badness 10000) in paragraph at lines 202--202
\OT1/pcr/m/n/12 possible consequences. One aspect would be that
 []


Underfull \hbox (badness 10000) in paragraph at lines 202--202
\OT1/pcr/m/n/12 faults could be reactivated at smaller angles
 []


Underfull \hbox (badness 10000) in paragraph at lines 202--202
\OT1/pcr/m/n/12 from the maximum compressive stress and that
 []


Underfull \hbox (badness 10000) in paragraph at lines 202--202
\OT1/pcr/m/n/12 the stress difference would have more realistic
 []

[9] [10] (./Rebuttal_Letter.aux) ) 
Here is how much of TeX's memory you used:
 24871 strings out of 492649
 520995 string characters out of 6129622
 603636 words of memory out of 5000000
 28364 multiletter control sequences out of 15000+600000
 546403 words of font info for 105 fonts, out of 8000000 for 9000
 1141 hyphenation exceptions out of 8191
 54i,7n,84p,10404b,830s stack positions out of 5000i,500n,10000p,200000b,80000s
{/usr/local/texlive/2018/texmf-dist/fonts/enc
/dvips/base/8r.enc}</usr/local/texlive/2018/texmf-dist/fonts/type1/public/amsfo
nts/cm/cmmi12.pfb></usr/local/texlive/2018/texmf-dist/fonts/type1/public/amsfon
ts/cm/cmmi8.pfb></usr/local/texlive/2018/texmf-dist/fonts/type1/public/amsfonts
/cm/cmr12.pfb></usr/local/texlive/2018/texmf-dist/fonts/type1/public/amsfonts/c
m/cmr8.pfb></usr/local/texlive/2018/texmf-dist/fonts/type1/public/amsfonts/cm/c
msy10.pfb></usr/local/texlive/2018/texmf-dist/fonts/type1/public/amsfonts/cm/cm
sy8.pfb></usr/local/texlive/2018/texmf-dist/fonts/type1/urw/courier/ucrr8a.pfb>
</usr/local/texlive/2018/texmf-dist/fonts/type1/urw/times/utmb8a.pfb></usr/loca
l/texlive/2018/texmf-dist/fonts/type1/urw/times/utmr8a.pfb></usr/local/texlive/
2018/texmf-dist/fonts/type1/urw/times/utmri8a.pfb>
Output written on Rebuttal_Letter.pdf (10 pages, 118156 bytes).
PDF statistics:
 81 PDF objects out of 1000 (max. 8388607)
 58 compressed objects within 1 object stream
 0 named destinations out of 1000 (max. 500000)
 15885 words of extra memory for PDF output out of 17280 (max. 10000000)

